<?xml version="1.0" encoding="UTF-8"?>
<testsuite xmlns:xs="http://www.w3.org/2001/XMLSchema"
           xmlns:fo="http://www.w3.org/1999/XSL/Format"
           xmlns:fn="http://www.w3.org/2005/xpath-functions"
           xmlns:xdt="http://www.w3.org/2005/xpath-datatypes"
           timestamp="2015-03-24T16:16:27"
           time="66"
           tests="3"
           errors="0"
           failures="1"
           skipped="0"
           name="TestScriptProject">
   <testcase time="11" name="Unit1\ST1" classname="ProjectTestItem1">
      <system-out><![CDATA[[2015-03-24 16:16:27] ** Message ** : Info message
]]></system-out>
   </testcase>
   <testcase time="22" name="Unit1\ST2" classname="ProjectTestItem2">
      <system-out><![CDATA[[2015-03-24 16:16:38] ** Warning ** : Warning message
]]></system-out>
   </testcase>
   <testcase time="33" name="Unit1\ST3" classname="ProjectTestItem3">
      <failure message="Error message"/>
      <system-out><![CDATA[[2015-03-24 16:17:01] ** Error ** : Error message
  Call Stack:
    26: Unit1.ST311
    22: Unit1.ST31
    17: Unit1.ST3
]]></system-out>
   </testcase>
</testsuite>