<?xml version="1.0" encoding="UTF-8"?>
<testsuite xmlns:xs="http://www.w3.org/2001/XMLSchema"
           xmlns:fo="http://www.w3.org/1999/XSL/Format"
           xmlns:fn="http://www.w3.org/2005/xpath-functions"
           xmlns:xdt="http://www.w3.org/2005/xpath-datatypes"
           timestamp="2015-03-24T15:20:53"
           time="132"
           tests="6"
           errors="0"
           failures="2"
           skipped="0"
           name="TestProjectSuite">
   <testcase time="11" name="KT1" classname="TestKeywordProject">
      <system-out><![CDATA[[2015-03-24 15:20:53] ** Message ** : Info message
]]></system-out>
   </testcase>
   <testcase time="22" name="KT2" classname="TestKeywordProject">
      <system-out><![CDATA[[2015-03-24 15:21:04] ** Warning ** : Warning message
]]></system-out>
   </testcase>
   <testcase time="33" name="KT3" classname="TestKeywordProject">
      <failure message="Error message"/>
      <system-out><![CDATA[[2015-03-24 15:21:26] ** Error ** : Error message
  Call Stack:
    1: KT3()
]]></system-out>
   </testcase>
   <testcase time="11" name="Unit1\ST1" classname="TestScriptProject">
      <system-out><![CDATA[[2015-03-24 15:22:00] ** Message ** : Info message
]]></system-out>
   </testcase>
   <testcase time="22" name="Unit1\ST2" classname="TestScriptProject">
      <system-out><![CDATA[[2015-03-24 15:22:11] ** Warning ** : Warning message
]]></system-out>
   </testcase>
   <testcase time="33" name="Unit1\ST3" classname="TestScriptProject">
      <failure message="Error message"/>
      <system-out><![CDATA[[2015-03-24 15:22:33] ** Error ** : Error message
  Call Stack:
    26: Unit1.ST311
    22: Unit1.ST31
    17: Unit1.ST3
]]></system-out>
   </testcase>
</testsuite>