<?xml version="1.0" encoding="UTF-8"?>
<testsuite xmlns:xs="http://www.w3.org/2001/XMLSchema"
           xmlns:fo="http://www.w3.org/1999/XSL/Format"
           xmlns:fn="http://www.w3.org/2005/xpath-functions"
           xmlns:xdt="http://www.w3.org/2005/xpath-datatypes"
           timestamp="2015-03-01T10:58:43.951Z"
           time=""
           tests="3"
           errors="0"
           failures="1"
           skipped="0"
           name="TestScriptProject">
   <testcase time="0.35" name="Unit1\ST1" classname="ProjectTestItem1">
      <system-out><![CDATA[[2015-03-01T10:58:44.241Z] ** Message ** : Info messsage
]]></system-out>
   </testcase>
   <testcase time="0.045" name="Unit1\ST2" classname="ProjectTestItem2">
      <system-out><![CDATA[[2015-03-01T10:58:44.341Z] ** Warning ** : Warning message
]]></system-out>
   </testcase>
   <testcase time="0.045" name="Unit1\ST3" classname="ProjectTestItem3">
      <failure message="Error message"/>
      <system-out><![CDATA[[2015-03-01T10:58:44.461Z] ** Error ** : Error message
  Call Stack:
    23: Unit1.ST311
    18: Unit1.ST31
    13: Unit1.ST3
]]></system-out>
   </testcase>
</testsuite>